C:\DirectX11Study\DirectX11\pixelshader.hlsl(12,12-76): warning X3206: implicit truncation of vector type
  
  compilation object save succeeded; see C:\DirectX11Study\x64\Release\pixelshader.cso
  compilation object save succeeded; see C:\DirectX11Study\x64\Release\vertexshader.cso
  AdapterReader.cpp
  Engine.cpp
c:\directx11study\directx11\engine.cpp(23): warning C4244: '초기화 중': 'double'에서 'float'(으)로 변환하면서 데이터가 손실될 수 있습니다.
  ErrorLogger.cpp
  Camera.cpp
c:\directx11study\directx11\graphics\camera.cpp(125): warning C4244: '초기화 중': 'double'에서 'float'(으)로 변환하면서 데이터가 손실될 수 있습니다.
c:\directx11study\directx11\graphics\camera.cpp(125): warning C4244: '초기화 중': 'double'에서 'const float'(으)로 변환하면서 데이터가 손실될 수 있습니다.
c:\directx11study\directx11\graphics\camera.cpp(126): warning C4244: '=': 'double'에서 'float'(으)로 변환하면서 데이터가 손실될 수 있습니다.
c:\directx11study\directx11\graphics\camera.cpp(134): warning C4244: '=': 'double'에서 'float'(으)로 변환하면서 데이터가 손실될 수 있습니다.
  Graphics.cpp
c:\directx11study\directx11\graphics\graphics.cpp(111): warning C4552: '-': 식의 결과가 사용되지 않습니다.
c:\directx11study\directx11\graphics\graphics.cpp(213): warning C4244: '=': 'int'에서 'FLOAT'(으)로 변환하면서 데이터가 손실될 수 있습니다.
c:\directx11study\directx11\graphics\graphics.cpp(214): warning C4244: '=': 'int'에서 'FLOAT'(으)로 변환하면서 데이터가 손실될 수 있습니다.
c:\program files (x86)\microsoft visual studio\2017\community\vc\tools\msvc\14.16.27023\include\memory(2538): warning C4267: '초기화 중': 'size_t'에서 '_Ty'(으)로 변환하면서 데이터가 손실될 수 있습니다.
          with
          [
              _Ty=UINT
          ]
  c:\directx11study\directx11\graphics\vertexbuffer.h(47): note: 컴파일 중인 함수 템플릿 인스턴스화 'std::unique_ptr<UINT,std::default_delete<_Ty>> std::make_unique<UINT,size_t,0>(size_t &&)'에 대한 참조를 확인하십시오.
          with
          [
              _Ty=UINT
          ]
  c:\directx11study\directx11\graphics\vertexbuffer.h(45): note: 클래스 템플릿 멤버 함수 'HRESULT VertexBuffer<Vertex>::Initialize(ID3D11Device *,T *,UINT)'을(를) 컴파일하고 있습니다.
          with
          [
              T=Vertex
          ]
  c:\directx11study\directx11\graphics\graphics.cpp(314): note: 컴파일 중인 함수 템플릿 인스턴스화 'HRESULT VertexBuffer<Vertex>::Initialize(ID3D11Device *,T *,UINT)'에 대한 참조를 확인하십시오.
          with
          [
              T=Vertex
          ]
  c:\directx11study\directx11\graphics\graphics.h(42): note: 컴파일 중인 클래스 템플릿 인스턴스화 'VertexBuffer<Vertex>'에 대한 참조를 확인하세요.
  imgui.cpp
  imgui_draw.cpp
  imgui_impl_dx11.cpp
  imgui_impl_win32.cpp
  imgui_widgets.cpp
  KeyboardClass.cpp
  KeyboardEvent.cpp
  MouseClass.cpp
  MouseEvent.cpp
  RenderWindow.cpp
  Shaders.cpp
  Source.cpp
  StringConverter.cpp
  Timer.cpp
  WindowContainer.cpp
  코드를 생성하고 있습니다.
  1882 of 1882 functions (100.0%) were compiled.
    1881 functions were new in current compilation
    0 functions had inline decision re-evaluated but remain unchanged
  코드를 생성했습니다.
  DirectX11.vcxproj -> C:\DirectX11Study\x64\Release\DirectX11.exe
